

     ______  ____   ____  ____   ____  ______  __ __
    |      ||    \ |    ||    \ |    ||      ||  |  |
    |      ||  D  ) |  | |  _  | |  | |      ||  |  |
    |_|  |_||    /  |  | |  |  | |  | |_|  |_||  ~  |
      |  |  |    \  |  | |  |  | |  |   |  |  |___, |
      |  |  |  .  \ |  | |  |  | |  |   |  |  |     |
      |__|  |__|\_||____||__|__||____|  |__|  |____/

    Trinity-v2.8.5



Left read files: $VAR1 = [
          '/home1/datawork/ltrouill/DATA//illumina_data/data/raw-sequence/10_R1.fastq.gz',
          '/home1/datawork/ltrouill/DATA//illumina_data/data/raw-sequence/11_R1.fastq.gz',
          '/home1/datawork/ltrouill/DATA//illumina_data/data/raw-sequence/12_R1.fastq.gz',
          '/home1/datawork/ltrouill/DATA//illumina_data/data/raw-sequence/13_R1.fastq.gz',
          '/home1/datawork/ltrouill/DATA//illumina_data/data/raw-sequence/14_R1.fastq.gz',
          '/home1/datawork/ltrouill/DATA//illumina_data/data/raw-sequence/15_R1.fastq.gz',
          '/home1/datawork/ltrouill/DATA//illumina_data/data/raw-sequence/16_R1.fastq.gz',
          '/home1/datawork/ltrouill/DATA//illumina_data/data/raw-sequence/17_R1.fastq.gz',
          '/home1/datawork/ltrouill/DATA//illumina_data/data/raw-sequence/18_R1.fastq.gz',
          '/home1/datawork/ltrouill/DATA//illumina_data/data/raw-sequence/1_R1.fastq.gz',
          '/home1/datawork/ltrouill/DATA//illumina_data/data/raw-sequence/2_R1.fastq.gz',
          '/home1/datawork/ltrouill/DATA//illumina_data/data/raw-sequence/3_R1.fastq.gz',
          '/home1/datawork/ltrouill/DATA//illumina_data/data/raw-sequence/4_R1.fastq.gz',
          '/home1/datawork/ltrouill/DATA//illumina_data/data/raw-sequence/5_R1.fastq.gz',
          '/home1/datawork/ltrouill/DATA//illumina_data/data/raw-sequence/6_R1.fastq.gz',
          '/home1/datawork/ltrouill/DATA//illumina_data/data/raw-sequence/7_R1.fastq.gz',
          '/home1/datawork/ltrouill/DATA//illumina_data/data/raw-sequence/8_R1.fastq.gz',
          '/home1/datawork/ltrouill/DATA//illumina_data/data/raw-sequence/9_R1.fastq.gz'
        ];
Right read files: $VAR1 = [
          '/home1/datawork/ltrouill/DATA//illumina_data/data/raw-sequence/10_R2.fastq.gz',
          '/home1/datawork/ltrouill/DATA//illumina_data/data/raw-sequence/11_R2.fastq.gz',
          '/home1/datawork/ltrouill/DATA//illumina_data/data/raw-sequence/12_R2.fastq.gz',
          '/home1/datawork/ltrouill/DATA//illumina_data/data/raw-sequence/13_R2.fastq.gz',
          '/home1/datawork/ltrouill/DATA//illumina_data/data/raw-sequence/14_R2.fastq.gz',
          '/home1/datawork/ltrouill/DATA//illumina_data/data/raw-sequence/15_R2.fastq.gz',
          '/home1/datawork/ltrouill/DATA//illumina_data/data/raw-sequence/16_R2.fastq.gz',
          '/home1/datawork/ltrouill/DATA//illumina_data/data/raw-sequence/17_R2.fastq.gz',
          '/home1/datawork/ltrouill/DATA//illumina_data/data/raw-sequence/18_R2.fastq.gz',
          '/home1/datawork/ltrouill/DATA//illumina_data/data/raw-sequence/1_R2.fastq.gz',
          '/home1/datawork/ltrouill/DATA//illumina_data/data/raw-sequence/2_R2.fastq.gz',
          '/home1/datawork/ltrouill/DATA//illumina_data/data/raw-sequence/3_R2.fastq.gz',
          '/home1/datawork/ltrouill/DATA//illumina_data/data/raw-sequence/4_R2.fastq.gz',
          '/home1/datawork/ltrouill/DATA//illumina_data/data/raw-sequence/5_R2.fastq.gz',
          '/home1/datawork/ltrouill/DATA//illumina_data/data/raw-sequence/6_R2.fastq.gz',
          '/home1/datawork/ltrouill/DATA//illumina_data/data/raw-sequence/7_R2.fastq.gz',
          '/home1/datawork/ltrouill/DATA//illumina_data/data/raw-sequence/8_R2.fastq.gz',
          '/home1/datawork/ltrouill/DATA//illumina_data/data/raw-sequence/9_R2.fastq.gz'
        ];
Trinity version: Trinity-v2.8.5
-ERROR: couldn't run the network check to confirm latest Trinity software version.

Wednesday, October 16, 2024: 17:15:07	CMD: java -Xmx64m -XX:ParallelGCThreads=2  -jar /appli/conda-env/bioinfo/trinity-2.8.5/opt/trinity-2.8.5/util/support_scripts/ExitTester.jar 0
Wednesday, October 16, 2024: 17:15:07	CMD: java -Xmx4g -XX:ParallelGCThreads=2  -jar /appli/conda-env/bioinfo/trinity-2.8.5/opt/trinity-2.8.5/util/support_scripts/ExitTester.jar 1


----------------------------------------------------------------------------------
-------------- Trinity Phase 1: Clustering of RNA-Seq Reads  ---------------------
----------------------------------------------------------------------------------

---------------------------------------------------------------
------------ In silico Read Normalization ---------------------
-- (Removing Excess Reads Beyond 200 Coverage --
---------------------------------------------------------------

# running normalization on reads: $VAR1 = [
          [
            '/home1/datawork/ltrouill/DATA//illumina_data/data/raw-sequence/10_R1.fastq.gz',
            '/home1/datawork/ltrouill/DATA//illumina_data/data/raw-sequence/11_R1.fastq.gz',
            '/home1/datawork/ltrouill/DATA//illumina_data/data/raw-sequence/12_R1.fastq.gz',
            '/home1/datawork/ltrouill/DATA//illumina_data/data/raw-sequence/13_R1.fastq.gz',
            '/home1/datawork/ltrouill/DATA//illumina_data/data/raw-sequence/14_R1.fastq.gz',
            '/home1/datawork/ltrouill/DATA//illumina_data/data/raw-sequence/15_R1.fastq.gz',
            '/home1/datawork/ltrouill/DATA//illumina_data/data/raw-sequence/16_R1.fastq.gz',
            '/home1/datawork/ltrouill/DATA//illumina_data/data/raw-sequence/17_R1.fastq.gz',
            '/home1/datawork/ltrouill/DATA//illumina_data/data/raw-sequence/18_R1.fastq.gz',
            '/home1/datawork/ltrouill/DATA//illumina_data/data/raw-sequence/1_R1.fastq.gz',
            '/home1/datawork/ltrouill/DATA//illumina_data/data/raw-sequence/2_R1.fastq.gz',
            '/home1/datawork/ltrouill/DATA//illumina_data/data/raw-sequence/3_R1.fastq.gz',
            '/home1/datawork/ltrouill/DATA//illumina_data/data/raw-sequence/4_R1.fastq.gz',
            '/home1/datawork/ltrouill/DATA//illumina_data/data/raw-sequence/5_R1.fastq.gz',
            '/home1/datawork/ltrouill/DATA//illumina_data/data/raw-sequence/6_R1.fastq.gz',
            '/home1/datawork/ltrouill/DATA//illumina_data/data/raw-sequence/7_R1.fastq.gz',
            '/home1/datawork/ltrouill/DATA//illumina_data/data/raw-sequence/8_R1.fastq.gz',
            '/home1/datawork/ltrouill/DATA//illumina_data/data/raw-sequence/9_R1.fastq.gz'
          ],
          [
            '/home1/datawork/ltrouill/DATA//illumina_data/data/raw-sequence/10_R2.fastq.gz',
            '/home1/datawork/ltrouill/DATA//illumina_data/data/raw-sequence/11_R2.fastq.gz',
            '/home1/datawork/ltrouill/DATA//illumina_data/data/raw-sequence/12_R2.fastq.gz',
            '/home1/datawork/ltrouill/DATA//illumina_data/data/raw-sequence/13_R2.fastq.gz',
            '/home1/datawork/ltrouill/DATA//illumina_data/data/raw-sequence/14_R2.fastq.gz',
            '/home1/datawork/ltrouill/DATA//illumina_data/data/raw-sequence/15_R2.fastq.gz',
            '/home1/datawork/ltrouill/DATA//illumina_data/data/raw-sequence/16_R2.fastq.gz',
            '/home1/datawork/ltrouill/DATA//illumina_data/data/raw-sequence/17_R2.fastq.gz',
            '/home1/datawork/ltrouill/DATA//illumina_data/data/raw-sequence/18_R2.fastq.gz',
            '/home1/datawork/ltrouill/DATA//illumina_data/data/raw-sequence/1_R2.fastq.gz',
            '/home1/datawork/ltrouill/DATA//illumina_data/data/raw-sequence/2_R2.fastq.gz',
            '/home1/datawork/ltrouill/DATA//illumina_data/data/raw-sequence/3_R2.fastq.gz',
            '/home1/datawork/ltrouill/DATA//illumina_data/data/raw-sequence/4_R2.fastq.gz',
            '/home1/datawork/ltrouill/DATA//illumina_data/data/raw-sequence/5_R2.fastq.gz',
            '/home1/datawork/ltrouill/DATA//illumina_data/data/raw-sequence/6_R2.fastq.gz',
            '/home1/datawork/ltrouill/DATA//illumina_data/data/raw-sequence/7_R2.fastq.gz',
            '/home1/datawork/ltrouill/DATA//illumina_data/data/raw-sequence/8_R2.fastq.gz',
            '/home1/datawork/ltrouill/DATA//illumina_data/data/raw-sequence/9_R2.fastq.gz'
          ]
        ];


Wednesday, October 16, 2024: 17:15:07	CMD: /appli/conda-env/bioinfo/trinity-2.8.5/opt/trinity-2.8.5/util/insilico_read_normalization.pl --seqType fq --JM 100G  --max_cov 200 --min_cov 1 --CPU 28 --output /home1/datawork/ltrouill/DATA/illumina_data/data/trinity_assembly/insilico_read_normalization --max_CV 10000  --left /home1/datawork/ltrouill/DATA//illumina_data/data/raw-sequence/10_R1.fastq.gz,/home1/datawork/ltrouill/DATA//illumina_data/data/raw-sequence/11_R1.fastq.gz,/home1/datawork/ltrouill/DATA//illumina_data/data/raw-sequence/12_R1.fastq.gz,/home1/datawork/ltrouill/DATA//illumina_data/data/raw-sequence/13_R1.fastq.gz,/home1/datawork/ltrouill/DATA//illumina_data/data/raw-sequence/14_R1.fastq.gz,/home1/datawork/ltrouill/DATA//illumina_data/data/raw-sequence/15_R1.fastq.gz,/home1/datawork/ltrouill/DATA//illumina_data/data/raw-sequence/16_R1.fastq.gz,/home1/datawork/ltrouill/DATA//illumina_data/data/raw-sequence/17_R1.fastq.gz,/home1/datawork/ltrouill/DATA//illumina_data/data/raw-sequence/18_R1.fastq.gz,/home1/datawork/ltrouill/DATA//illumina_data/data/raw-sequence/1_R1.fastq.gz,/home1/datawork/ltrouill/DATA//illumina_data/data/raw-sequence/2_R1.fastq.gz,/home1/datawork/ltrouill/DATA//illumina_data/data/raw-sequence/3_R1.fastq.gz,/home1/datawork/ltrouill/DATA//illumina_data/data/raw-sequence/4_R1.fastq.gz,/home1/datawork/ltrouill/DATA//illumina_data/data/raw-sequence/5_R1.fastq.gz,/home1/datawork/ltrouill/DATA//illumina_data/data/raw-sequence/6_R1.fastq.gz,/home1/datawork/ltrouill/DATA//illumina_data/data/raw-sequence/7_R1.fastq.gz,/home1/datawork/ltrouill/DATA//illumina_data/data/raw-sequence/8_R1.fastq.gz,/home1/datawork/ltrouill/DATA//illumina_data/data/raw-sequence/9_R1.fastq.gz --right /home1/datawork/ltrouill/DATA//illumina_data/data/raw-sequence/10_R2.fastq.gz,/home1/datawork/ltrouill/DATA//illumina_data/data/raw-sequence/11_R2.fastq.gz,/home1/datawork/ltrouill/DATA//illumina_data/data/raw-sequence/12_R2.fastq.gz,/home1/datawork/ltrouill/DATA//illumina_data/data/raw-sequence/13_R2.fastq.gz,/home1/datawork/ltrouill/DATA//illumina_data/data/raw-sequence/14_R2.fastq.gz,/home1/datawork/ltrouill/DATA//illumina_data/data/raw-sequence/15_R2.fastq.gz,/home1/datawork/ltrouill/DATA//illumina_data/data/raw-sequence/16_R2.fastq.gz,/home1/datawork/ltrouill/DATA//illumina_data/data/raw-sequence/17_R2.fastq.gz,/home1/datawork/ltrouill/DATA//illumina_data/data/raw-sequence/18_R2.fastq.gz,/home1/datawork/ltrouill/DATA//illumina_data/data/raw-sequence/1_R2.fastq.gz,/home1/datawork/ltrouill/DATA//illumina_data/data/raw-sequence/2_R2.fastq.gz,/home1/datawork/ltrouill/DATA//illumina_data/data/raw-sequence/3_R2.fastq.gz,/home1/datawork/ltrouill/DATA//illumina_data/data/raw-sequence/4_R2.fastq.gz,/home1/datawork/ltrouill/DATA//illumina_data/data/raw-sequence/5_R2.fastq.gz,/home1/datawork/ltrouill/DATA//illumina_data/data/raw-sequence/6_R2.fastq.gz,/home1/datawork/ltrouill/DATA//illumina_data/data/raw-sequence/7_R2.fastq.gz,/home1/datawork/ltrouill/DATA//illumina_data/data/raw-sequence/8_R2.fastq.gz,/home1/datawork/ltrouill/DATA//illumina_data/data/raw-sequence/9_R2.fastq.gz --pairs_together --PARALLEL_STATS  
-prepping seqs
Converting input files. (both directions in parallel)left file exists, nothing to doright file exists, nothing to doDone converting input files.-kmer counting.
-generating stats files
CMD: /appli/conda-env/bioinfo/trinity-2.8.5/opt/trinity-2.8.5/util/..//Inchworm/bin/fastaToKmerCoverageStats --reads left.fa --kmers jellyfish.K25.min2.kmers.fa --kmer_size 25  --num_threads 14  --DS  > left.fa.K25.stats
CMD: /appli/conda-env/bioinfo/trinity-2.8.5/opt/trinity-2.8.5/util/..//Inchworm/bin/fastaToKmerCoverageStats --reads right.fa --kmers jellyfish.K25.min2.kmers.fa --kmer_size 25  --num_threads 14  --DS  > right.fa.K25.stats
-reading Kmer occurrences...
-reading Kmer occurrences...
bash: line 1: 50260 Killed                  /appli/conda-env/bioinfo/trinity-2.8.5/opt/trinity-2.8.5/util/..//Inchworm/bin/fastaToKmerCoverageStats --reads left.fa --kmers jellyfish.K25.min2.kmers.fa --kmer_size 25 --num_threads 14 --DS > left.fa.K25.stats
Thread 3 terminated abnormally: Error, cmd: /appli/conda-env/bioinfo/trinity-2.8.5/opt/trinity-2.8.5/util/..//Inchworm/bin/fastaToKmerCoverageStats --reads left.fa --kmers jellyfish.K25.min2.kmers.fa --kmer_size 25  --num_threads 14  --DS  > left.fa.K25.stats died with ret 35072 at /appli/conda-env/bioinfo/trinity-2.8.5/opt/trinity-2.8.5/util/insilico_read_normalization.pl line 788.
Error, thread exited with error Error, cmd: /appli/conda-env/bioinfo/trinity-2.8.5/opt/trinity-2.8.5/util/..//Inchworm/bin/fastaToKmerCoverageStats --reads left.fa --kmers jellyfish.K25.min2.kmers.fa --kmer_size 25  --num_threads 14  --DS  > left.fa.K25.stats died with ret 35072 at /appli/conda-env/bioinfo/trinity-2.8.5/opt/trinity-2.8.5/util/insilico_read_normalization.pl line 788.


 done parsing 2254369156 Kmers, 2254369156 added, taking 2554 seconds.
STATS_GENERATION_TIME: 16111 seconds.
CMD finished (19416 seconds)
Error, 1 threads errored out at /appli/conda-env/bioinfo/trinity-2.8.5/opt/trinity-2.8.5/util/insilico_read_normalization.pl line 992.
Error, cmd: /appli/conda-env/bioinfo/trinity-2.8.5/opt/trinity-2.8.5/util/insilico_read_normalization.pl --seqType fq --JM 100G  --max_cov 200 --min_cov 1 --CPU 28 --output /home1/datawork/ltrouill/DATA/illumina_data/data/trinity_assembly/insilico_read_normalization --max_CV 10000  --left /home1/datawork/ltrouill/DATA//illumina_data/data/raw-sequence/10_R1.fastq.gz,/home1/datawork/ltrouill/DATA//illumina_data/data/raw-sequence/11_R1.fastq.gz,/home1/datawork/ltrouill/DATA//illumina_data/data/raw-sequence/12_R1.fastq.gz,/home1/datawork/ltrouill/DATA//illumina_data/data/raw-sequence/13_R1.fastq.gz,/home1/datawork/ltrouill/DATA//illumina_data/data/raw-sequence/14_R1.fastq.gz,/home1/datawork/ltrouill/DATA//illumina_data/data/raw-sequence/15_R1.fastq.gz,/home1/datawork/ltrouill/DATA//illumina_data/data/raw-sequence/16_R1.fastq.gz,/home1/datawork/ltrouill/DATA//illumina_data/data/raw-sequence/17_R1.fastq.gz,/home1/datawork/ltrouill/DATA//illumina_data/data/raw-sequence/18_R1.fastq.gz,/home1/datawork/ltrouill/DATA//illumina_data/data/raw-sequence/1_R1.fastq.gz,/home1/datawork/ltrouill/DATA//illumina_data/data/raw-sequence/2_R1.fastq.gz,/home1/datawork/ltrouill/DATA//illumina_data/data/raw-sequence/3_R1.fastq.gz,/home1/datawork/ltrouill/DATA//illumina_data/data/raw-sequence/4_R1.fastq.gz,/home1/datawork/ltrouill/DATA//illumina_data/data/raw-sequence/5_R1.fastq.gz,/home1/datawork/ltrouill/DATA//illumina_data/data/raw-sequence/6_R1.fastq.gz,/home1/datawork/ltrouill/DATA//illumina_data/data/raw-sequence/7_R1.fastq.gz,/home1/datawork/ltrouill/DATA//illumina_data/data/raw-sequence/8_R1.fastq.gz,/home1/datawork/ltrouill/DATA//illumina_data/data/raw-sequence/9_R1.fastq.gz --right /home1/datawork/ltrouill/DATA//illumina_data/data/raw-sequence/10_R2.fastq.gz,/home1/datawork/ltrouill/DATA//illumina_data/data/raw-sequence/11_R2.fastq.gz,/home1/datawork/ltrouill/DATA//illumina_data/data/raw-sequence/12_R2.fastq.gz,/home1/datawork/ltrouill/DATA//illumina_data/data/raw-sequence/13_R2.fastq.gz,/home1/datawork/ltrouill/DATA//illumina_data/data/raw-sequence/14_R2.fastq.gz,/home1/datawork/ltrouill/DATA//illumina_data/data/raw-sequence/15_R2.fastq.gz,/home1/datawork/ltrouill/DATA//illumina_data/data/raw-sequence/16_R2.fastq.gz,/home1/datawork/ltrouill/DATA//illumina_data/data/raw-sequence/17_R2.fastq.gz,/home1/datawork/ltrouill/DATA//illumina_data/data/raw-sequence/18_R2.fastq.gz,/home1/datawork/ltrouill/DATA//illumina_data/data/raw-sequence/1_R2.fastq.gz,/home1/datawork/ltrouill/DATA//illumina_data/data/raw-sequence/2_R2.fastq.gz,/home1/datawork/ltrouill/DATA//illumina_data/data/raw-sequence/3_R2.fastq.gz,/home1/datawork/ltrouill/DATA//illumina_data/data/raw-sequence/4_R2.fastq.gz,/home1/datawork/ltrouill/DATA//illumina_data/data/raw-sequence/5_R2.fastq.gz,/home1/datawork/ltrouill/DATA//illumina_data/data/raw-sequence/6_R2.fastq.gz,/home1/datawork/ltrouill/DATA//illumina_data/data/raw-sequence/7_R2.fastq.gz,/home1/datawork/ltrouill/DATA//illumina_data/data/raw-sequence/8_R2.fastq.gz,/home1/datawork/ltrouill/DATA//illumina_data/data/raw-sequence/9_R2.fastq.gz --pairs_together --PARALLEL_STATS   died with ret 7424 at /appli/conda-env/bioinfo/trinity-2.8.5/bin/Trinity line 2745.
	main::process_cmd("/appli/conda-env/bioinfo/trinity-2.8.5/opt/trinity-2.8.5/util"...) called at /appli/conda-env/bioinfo/trinity-2.8.5/bin/Trinity line 3295
	main::normalize("/home1/datawork/ltrouill/DATA/illumina_data/data/trinity_asse"..., 200, ARRAY(0x5555557ae2e0), ARRAY(0x5555557ae2c8)) called at /appli/conda-env/bioinfo/trinity-2.8.5/bin/Trinity line 3238
	main::run_normalization(200, ARRAY(0x5555557ae2e0), ARRAY(0x5555557ae2c8)) called at /appli/conda-env/bioinfo/trinity-2.8.5/bin/Trinity line 1350
